<?xml version="1.0" encoding="UTF-8"?>
<!-- Generated by org.testng.reporters.JUnitReportReporter -->
<testsuite hostname="DESKTOP-1RS28E9" failures="0" tests="1" name="TestDemo.NewTest" time="0.012" errors="0" timestamp="2022-12-21T12:49:51 PST" skipped="0">
  <testcase classname="TestDemo.NewTest" name="f" time="0.012"/>
  <system-out/>
</testsuite> <!-- TestDemo.NewTest -->
