<?xml version="1.0" encoding="UTF-8"?>
<!-- Generated by org.testng.reporters.JUnitReportReporter -->
<testsuite hostname="DESKTOP-1RS28E9" failures="0" tests="1" name="TestDemo.SeleniumPackage" time="0.007" errors="0" timestamp="2022-12-23T10:13:13 PST" skipped="0">
  <testcase classname="TestDemo.SeleniumPackage" name="openApplication" time="0.007"/>
  <system-out/>
</testsuite> <!-- TestDemo.SeleniumPackage -->
